<?xml version="1.0" encoding="UTF-8"?>
<!-- Generated by org.testng.reporters.JUnitXMLReporter -->
<testsuite ignored="8" hostname="CS-AUTO-15" failures="1" tests="9" name="Regression" time="36.605" errors="0" timestamp="2023-04-12T12:52:42 IST">
  <testcase classname="Regression.TC002" name="logtest" time="0.517"/>
  <testcase classname="Regression.TC002" name="logtest2" time="0.015"/>
  <testcase classname="Regression.TC002" name="logtest3" time="0.015"/>
  <testcase classname="Regression.TC002" name="logtest4" time="0.016"/>
  <testcase classname="Regression.TC003" name="main2" time="0.757"/>
  <testcase classname="Regression.TC004" name="main1" time="0.011"/>
  <testcase classname="Regression.TC005" name="print" time="0.035"/>
  <testcase classname="Regression.TestXpath" name="main1" time="14.486"/>
  <testcase classname="Regression.TC006" name="signup" time="20.499">
    <failure type="org.openqa.selenium.ElementClickInterceptedException" message="Element &amp;lt;button class=&amp;quot;btn btn-default&amp;quot; type=&amp;quot;submit&amp;quot;&amp;gt; is not clickable at point (393,759) because another element &amp;lt;div id=&amp;quot;aswift_6_host&amp;quot;&amp;gt; obscures it
Build info: version: &amp;apos;4.8.0&amp;apos;, revision: &amp;apos;267030adea&amp;apos;
System info: os.name: &amp;apos;Windows 10&amp;apos;, os.arch: &amp;apos;amd64&amp;apos;, os.version: &amp;apos;10.0&amp;apos;, java.version: &amp;apos;17.0.2&amp;apos;
Driver info: org.openqa.selenium.firefox.FirefoxDriver
Command: [79db828f-4e90-4d4e-bfa3-8b582d023b6d, clickElement {id=a60dcc0a-7206-4b82-9fcc-9a5187c82c14}]
Capabilities {acceptInsecureCerts: true, browserName: firefox, browserVersion: 111.0.1, moz:accessibilityChecks: false, moz:buildID: 20230321111920, moz:debuggerAddress: 127.0.0.1:37021, moz:geckodriverVersion: 0.33.0, moz:headless: false, moz:platformVersion: 10.0, moz:processID: 13624, moz:profile: C:\Users\mahesh.yr\AppData\..., moz:shutdownTimeout: 60000, moz:useNonSpecCompliantPointerOrigin: false, moz:webdriverClick: true, moz:windowless: false, pageLoadStrategy: normal, platformName: WINDOWS, proxy: Proxy(), se:cdp: ws://127.0.0.1:37021/devtoo..., se:cdpVersion: 85.0, setWindowRect: true, strictFileInteractability: false, timeouts: {implicit: 0, pageLoad: 300000, script: 30000}, unhandledPromptBehavior: dismiss and notify}
Element: [[FirefoxDriver: firefox on WINDOWS (79db828f-4e90-4d4e-bfa3-8b582d023b6d)] -&amp;gt; xpath: //button[@data-qa=&amp;apos;create-account&amp;apos;]]
Session ID: 79db828f-4e90-4d4e-bfa3-8b582d023b6d">
      <![CDATA[org.openqa.selenium.ElementClickInterceptedException: Element <button class="btn btn-default" type="submit"> is not clickable at point (393,759) because another element <div id="aswift_6_host"> obscures it
Build info: version: '4.8.0', revision: '267030adea'
System info: os.name: 'Windows 10', os.arch: 'amd64', os.version: '10.0', java.version: '17.0.2'
Driver info: org.openqa.selenium.firefox.FirefoxDriver
Command: [79db828f-4e90-4d4e-bfa3-8b582d023b6d, clickElement {id=a60dcc0a-7206-4b82-9fcc-9a5187c82c14}]
Capabilities {acceptInsecureCerts: true, browserName: firefox, browserVersion: 111.0.1, moz:accessibilityChecks: false, moz:buildID: 20230321111920, moz:debuggerAddress: 127.0.0.1:37021, moz:geckodriverVersion: 0.33.0, moz:headless: false, moz:platformVersion: 10.0, moz:processID: 13624, moz:profile: C:\Users\mahesh.yr\AppData\..., moz:shutdownTimeout: 60000, moz:useNonSpecCompliantPointerOrigin: false, moz:webdriverClick: true, moz:windowless: false, pageLoadStrategy: normal, platformName: WINDOWS, proxy: Proxy(), se:cdp: ws://127.0.0.1:37021/devtoo..., se:cdpVersion: 85.0, setWindowRect: true, strictFileInteractability: false, timeouts: {implicit: 0, pageLoad: 300000, script: 30000}, unhandledPromptBehavior: dismiss and notify}
Element: [[FirefoxDriver: firefox on WINDOWS (79db828f-4e90-4d4e-bfa3-8b582d023b6d)] -> xpath: //button[@data-qa='create-account']]
Session ID: 79db828f-4e90-4d4e-bfa3-8b582d023b6d
at org.openqa.selenium.remote.codec.w3c.W3CHttpResponseCodec.createException(W3CHttpResponseCodec.java:200)
at org.openqa.selenium.remote.codec.w3c.W3CHttpResponseCodec.decode(W3CHttpResponseCodec.java:133)
at org.openqa.selenium.remote.codec.w3c.W3CHttpResponseCodec.decode(W3CHttpResponseCodec.java:53)
at org.openqa.selenium.remote.HttpCommandExecutor.execute(HttpCommandExecutor.java:184)
at org.openqa.selenium.remote.service.DriverCommandExecutor.invokeExecute(DriverCommandExecutor.java:167)
at org.openqa.selenium.remote.service.DriverCommandExecutor.execute(DriverCommandExecutor.java:142)
at org.openqa.selenium.remote.RemoteWebDriver.execute(RemoteWebDriver.java:543)
at org.openqa.selenium.remote.RemoteWebElement.execute(RemoteWebElement.java:257)
at org.openqa.selenium.remote.RemoteWebElement.click(RemoteWebElement.java:78)
at Regression.TC006.signup(TC006.java:49)
at java.base/java.util.ArrayList.forEach(ArrayList.java:1511)
... Removed 36 stack frames]]>
    </failure>
  </testcase> <!-- signup -->
  <testcase classname="Regression.TC001" name="@BeforeTest initialisation" time="0.0">
    <ignored/>
  </testcase> <!-- @BeforeTest initialisation -->
  <testcase classname="Regression.TC001" name="@BeforeTest initialisation" time="0.0">
    <ignored/>
  </testcase> <!-- @BeforeTest initialisation -->
  <testcase classname="Regression.TC001" name="@BeforeTest initialisation" time="0.0">
    <ignored/>
  </testcase> <!-- @BeforeTest initialisation -->
  <testcase classname="Regression.TC001" name="@BeforeTest reportname" time="0.0">
    <ignored/>
  </testcase> <!-- @BeforeTest reportname -->
  <testcase classname="Regression.TC001" name="@BeforeTest reportname" time="0.0">
    <ignored/>
  </testcase> <!-- @BeforeTest reportname -->
  <testcase classname="Regression.TC001" name="@BeforeTest reportname" time="0.0">
    <ignored/>
  </testcase> <!-- @BeforeTest reportname -->
  <testcase classname="Regression.TC001" name="@BeforeTest initialisation" time="0.0">
    <ignored/>
  </testcase> <!-- @BeforeTest initialisation -->
  <testcase classname="Regression.TC001" name="@BeforeTest reportname" time="0.0">
    <ignored/>
  </testcase> <!-- @BeforeTest reportname -->
</testsuite> <!-- Regression -->
