<?xml version="1.0" encoding="UTF-8"?>
<!-- Generated by org.testng.reporters.JUnitXMLReporter -->
<testsuite ignored="1" hostname="CS-AUTO-15" failures="1" tests="5" name="Smoke" time="1.88" errors="0" timestamp="2023-04-12T12:52:44 IST">
  <testcase classname="Smoke.TC002" name="logtest" time="0.104"/>
  <testcase classname="Smoke.TC002" name="logtest2" time="0.016"/>
  <testcase classname="Smoke.TC002" name="logtest3" time="0.007"/>
  <testcase classname="Smoke.TC002" name="logtest4" time="0.009"/>
  <testcase classname="Smoke.TestXpath" name="main1" time="1.735">
    <failure type="org.openqa.selenium.remote.http.ConnectionFailedException" message="Unable to establish websocket connection to http://localhost:57874/devtools/browser/4785de06-ed04-45f0-9235-f742cf77764f
Build info: version: &amp;apos;4.8.0&amp;apos;, revision: &amp;apos;267030adea&amp;apos;
System info: os.name: &amp;apos;Windows 10&amp;apos;, os.arch: &amp;apos;amd64&amp;apos;, os.version: &amp;apos;10.0&amp;apos;, java.version: &amp;apos;17.0.2&amp;apos;
Driver info: driver.version: ChromeDriver">
      <![CDATA[org.openqa.selenium.remote.http.ConnectionFailedException: Unable to establish websocket connection to http://localhost:57874/devtools/browser/4785de06-ed04-45f0-9235-f742cf77764f
Build info: version: '4.8.0', revision: '267030adea'
System info: os.name: 'Windows 10', os.arch: 'amd64', os.version: '10.0', java.version: '17.0.2'
Driver info: driver.version: ChromeDriver
at org.openqa.selenium.remote.http.netty.NettyWebSocket.<init>(NettyWebSocket.java:102)
at org.openqa.selenium.remote.http.netty.NettyWebSocket.lambda$create$3(NettyWebSocket.java:128)
at org.openqa.selenium.remote.http.netty.NettyClient.openSocket(NettyClient.java:107)
at org.openqa.selenium.devtools.Connection.<init>(Connection.java:78)
at org.openqa.selenium.chromium.ChromiumDriver.lambda$new$2(ChromiumDriver.java:116)
at java.base/java.util.Optional.map(Optional.java:260)
at org.openqa.selenium.chromium.ChromiumDriver.<init>(ChromiumDriver.java:114)
at org.openqa.selenium.chrome.ChromeDriver.<init>(ChromeDriver.java:82)
at org.openqa.selenium.chrome.ChromeDriver.<init>(ChromeDriver.java:71)
at Smoke.TC001.set(TC001.java:49)
at Smoke.TestXpath.main1(TestXpath.java:89)
at java.base/java.util.ArrayList.forEach(ArrayList.java:1511)
... Removed 31 stack frames]]>
    </failure>
  </testcase> <!-- main1 -->
  <testcase classname="Smoke.TC001" name="@BeforeTest reportname" time="0.0">
    <ignored/>
  </testcase> <!-- @BeforeTest reportname -->
</testsuite> <!-- Smoke -->
