<?xml version="1.0" encoding="UTF-8"?>
<testng-results ignored="9" total="23" passed="12" failed="2" skipped="0">
  <reporter-output>
  </reporter-output>
  <suite started-at="2023-04-12T12:52:05 IST" name="Suite" finished-at="2023-04-12T12:52:44 IST" duration-ms="38536">
    <groups>
    </groups>
    <test started-at="2023-04-12T12:52:05 IST" name="Regression" finished-at="2023-04-12T12:52:42 IST" duration-ms="36605">
      <class name="Regression.TC006">
        <test-method signature="signup()[pri:0, instance:Regression.TC006@44a2b17b]" started-at="2023-04-12T12:52:21 IST" name="signup" finished-at="2023-04-12T12:52:42 IST" duration-ms="20499" status="FAIL">
          <exception class="org.openqa.selenium.ElementClickInterceptedException">
            <message>
              <![CDATA[Element <button class="btn btn-default" type="submit"> is not clickable at point (393,759) because another element <div id="aswift_6_host"> obscures it
Build info: version: '4.8.0', revision: '267030adea'
System info: os.name: 'Windows 10', os.arch: 'amd64', os.version: '10.0', java.version: '17.0.2'
Driver info: org.openqa.selenium.firefox.FirefoxDriver
Command: [79db828f-4e90-4d4e-bfa3-8b582d023b6d, clickElement {id=a60dcc0a-7206-4b82-9fcc-9a5187c82c14}]
Capabilities {acceptInsecureCerts: true, browserName: firefox, browserVersion: 111.0.1, moz:accessibilityChecks: false, moz:buildID: 20230321111920, moz:debuggerAddress: 127.0.0.1:37021, moz:geckodriverVersion: 0.33.0, moz:headless: false, moz:platformVersion: 10.0, moz:processID: 13624, moz:profile: C:\Users\mahesh.yr\AppData\..., moz:shutdownTimeout: 60000, moz:useNonSpecCompliantPointerOrigin: false, moz:webdriverClick: true, moz:windowless: false, pageLoadStrategy: normal, platformName: WINDOWS, proxy: Proxy(), se:cdp: ws://127.0.0.1:37021/devtoo..., se:cdpVersion: 85.0, setWindowRect: true, strictFileInteractability: false, timeouts: {implicit: 0, pageLoad: 300000, script: 30000}, unhandledPromptBehavior: dismiss and notify}
Element: [[FirefoxDriver: firefox on WINDOWS (79db828f-4e90-4d4e-bfa3-8b582d023b6d)] -> xpath: //button[@data-qa='create-account']]
Session ID: 79db828f-4e90-4d4e-bfa3-8b582d023b6d]]>
            </message>
            <full-stacktrace>
              <![CDATA[org.openqa.selenium.ElementClickInterceptedException: Element <button class="btn btn-default" type="submit"> is not clickable at point (393,759) because another element <div id="aswift_6_host"> obscures it
Build info: version: '4.8.0', revision: '267030adea'
System info: os.name: 'Windows 10', os.arch: 'amd64', os.version: '10.0', java.version: '17.0.2'
Driver info: org.openqa.selenium.firefox.FirefoxDriver
Command: [79db828f-4e90-4d4e-bfa3-8b582d023b6d, clickElement {id=a60dcc0a-7206-4b82-9fcc-9a5187c82c14}]
Capabilities {acceptInsecureCerts: true, browserName: firefox, browserVersion: 111.0.1, moz:accessibilityChecks: false, moz:buildID: 20230321111920, moz:debuggerAddress: 127.0.0.1:37021, moz:geckodriverVersion: 0.33.0, moz:headless: false, moz:platformVersion: 10.0, moz:processID: 13624, moz:profile: C:\Users\mahesh.yr\AppData\..., moz:shutdownTimeout: 60000, moz:useNonSpecCompliantPointerOrigin: false, moz:webdriverClick: true, moz:windowless: false, pageLoadStrategy: normal, platformName: WINDOWS, proxy: Proxy(), se:cdp: ws://127.0.0.1:37021/devtoo..., se:cdpVersion: 85.0, setWindowRect: true, strictFileInteractability: false, timeouts: {implicit: 0, pageLoad: 300000, script: 30000}, unhandledPromptBehavior: dismiss and notify}
Element: [[FirefoxDriver: firefox on WINDOWS (79db828f-4e90-4d4e-bfa3-8b582d023b6d)] -> xpath: //button[@data-qa='create-account']]
Session ID: 79db828f-4e90-4d4e-bfa3-8b582d023b6d
at java.base/jdk.internal.reflect.NativeConstructorAccessorImpl.newInstance0(Native Method)
at java.base/jdk.internal.reflect.NativeConstructorAccessorImpl.newInstance(NativeConstructorAccessorImpl.java:77)
at java.base/jdk.internal.reflect.DelegatingConstructorAccessorImpl.newInstance(DelegatingConstructorAccessorImpl.java:45)
at java.base/java.lang.reflect.Constructor.newInstanceWithCaller(Constructor.java:499)
at java.base/java.lang.reflect.Constructor.newInstance(Constructor.java:480)
at org.openqa.selenium.remote.codec.w3c.W3CHttpResponseCodec.createException(W3CHttpResponseCodec.java:200)
at org.openqa.selenium.remote.codec.w3c.W3CHttpResponseCodec.decode(W3CHttpResponseCodec.java:133)
at org.openqa.selenium.remote.codec.w3c.W3CHttpResponseCodec.decode(W3CHttpResponseCodec.java:53)
at org.openqa.selenium.remote.HttpCommandExecutor.execute(HttpCommandExecutor.java:184)
at org.openqa.selenium.remote.service.DriverCommandExecutor.invokeExecute(DriverCommandExecutor.java:167)
at org.openqa.selenium.remote.service.DriverCommandExecutor.execute(DriverCommandExecutor.java:142)
at org.openqa.selenium.remote.RemoteWebDriver.execute(RemoteWebDriver.java:543)
at org.openqa.selenium.remote.RemoteWebElement.execute(RemoteWebElement.java:257)
at org.openqa.selenium.remote.RemoteWebElement.click(RemoteWebElement.java:78)
at Regression.TC006.signup(TC006.java:49)
at java.base/jdk.internal.reflect.NativeMethodAccessorImpl.invoke0(Native Method)
at java.base/jdk.internal.reflect.NativeMethodAccessorImpl.invoke(NativeMethodAccessorImpl.java:77)
at java.base/jdk.internal.reflect.DelegatingMethodAccessorImpl.invoke(DelegatingMethodAccessorImpl.java:43)
at java.base/java.lang.reflect.Method.invoke(Method.java:568)
at org.testng.internal.invokers.MethodInvocationHelper.invokeMethod(MethodInvocationHelper.java:139)
at org.testng.internal.invokers.TestInvoker.invokeMethod(TestInvoker.java:677)
at org.testng.internal.invokers.TestInvoker.invokeTestMethod(TestInvoker.java:221)
at org.testng.internal.invokers.MethodRunner.runInSequence(MethodRunner.java:50)
at org.testng.internal.invokers.TestInvoker$MethodInvocationAgent.invoke(TestInvoker.java:962)
at org.testng.internal.invokers.TestInvoker.invokeTestMethods(TestInvoker.java:194)
at org.testng.internal.invokers.TestMethodWorker.invokeTestMethods(TestMethodWorker.java:148)
at org.testng.internal.invokers.TestMethodWorker.run(TestMethodWorker.java:128)
at java.base/java.util.ArrayList.forEach(ArrayList.java:1511)
at org.testng.TestRunner.privateRun(TestRunner.java:806)
at org.testng.TestRunner.run(TestRunner.java:601)
at org.testng.SuiteRunner.runTest(SuiteRunner.java:433)
at org.testng.SuiteRunner.runSequentially(SuiteRunner.java:427)
at org.testng.SuiteRunner.privateRun(SuiteRunner.java:387)
at org.testng.SuiteRunner.run(SuiteRunner.java:330)
at org.testng.SuiteRunnerWorker.runSuite(SuiteRunnerWorker.java:52)
at org.testng.SuiteRunnerWorker.run(SuiteRunnerWorker.java:95)
at org.testng.TestNG.runSuitesSequentially(TestNG.java:1256)
at org.testng.TestNG.runSuitesLocally(TestNG.java:1176)
at org.testng.TestNG.runSuites(TestNG.java:1099)
at org.testng.TestNG.run(TestNG.java:1067)
at org.apache.maven.surefire.testng.TestNGExecutor.run(TestNGExecutor.java:324)
at org.apache.maven.surefire.testng.TestNGXmlTestSuite.execute(TestNGXmlTestSuite.java:74)
at org.apache.maven.surefire.testng.TestNGProvider.invoke(TestNGProvider.java:123)
at org.apache.maven.surefire.booter.ForkedBooter.runSuitesInProcess(ForkedBooter.java:456)
at org.apache.maven.surefire.booter.ForkedBooter.execute(ForkedBooter.java:169)
at org.apache.maven.surefire.booter.ForkedBooter.run(ForkedBooter.java:595)
at org.apache.maven.surefire.booter.ForkedBooter.main(ForkedBooter.java:581)
]]>
            </full-stacktrace>
          </exception> <!-- org.openqa.selenium.ElementClickInterceptedException -->
          <reporter-output>
          </reporter-output>
        </test-method> <!-- signup -->
      </class> <!-- Regression.TC006 -->
      <class name="Regression.TC004">
        <test-method signature="main1()[pri:0, instance:Regression.TC004@459f7aa3]" started-at="2023-04-12T12:52:07 IST" name="main1" finished-at="2023-04-12T12:52:07 IST" duration-ms="11" status="PASS">
          <reporter-output>
          </reporter-output>
        </test-method> <!-- main1 -->
      </class> <!-- Regression.TC004 -->
      <class name="Regression.TC005">
        <test-method signature="print()[pri:0, instance:Regression.TC005@7cc586a8]" started-at="2023-04-12T12:52:07 IST" name="print" finished-at="2023-04-12T12:52:07 IST" duration-ms="35" status="PASS">
          <reporter-output>
          </reporter-output>
        </test-method> <!-- print -->
      </class> <!-- Regression.TC005 -->
      <class name="Regression.TestXpath">
        <test-method signature="main1()[pri:0, instance:Regression.TestXpath@7db534f2]" started-at="2023-04-12T12:52:07 IST" name="main1" finished-at="2023-04-12T12:52:21 IST" duration-ms="14486" status="PASS">
          <reporter-output>
          </reporter-output>
        </test-method> <!-- main1 -->
      </class> <!-- Regression.TestXpath -->
      <class name="Regression.TC002">
        <test-method is-config="true" signature="initialisation()[pri:0, instance:Regression.TC002@4816c290]" started-at="2023-04-12T12:52:05 IST" name="initialisation" finished-at="2023-04-12T12:52:05 IST" duration-ms="14" status="PASS">
          <reporter-output>
          </reporter-output>
        </test-method> <!-- initialisation -->
        <test-method is-config="true" signature="reportname()[pri:0, instance:Regression.TC002@4816c290]" started-at="2023-04-12T12:52:05 IST" name="reportname" finished-at="2023-04-12T12:52:05 IST" duration-ms="160" status="PASS">
          <reporter-output>
          </reporter-output>
        </test-method> <!-- reportname -->
        <test-method is-config="true" signature="setlog()[pri:0, instance:Regression.TC002@4816c290]" started-at="2023-04-12T12:52:05 IST" name="setlog" finished-at="2023-04-12T12:52:05 IST" duration-ms="2" status="PASS">
          <reporter-output>
          </reporter-output>
        </test-method> <!-- setlog -->
        <test-method signature="logtest()[pri:0, instance:Regression.TC002@4816c290]" started-at="2023-04-12T12:52:05 IST" name="logtest" finished-at="2023-04-12T12:52:06 IST" duration-ms="517" status="PASS">
          <reporter-output>
          </reporter-output>
        </test-method> <!-- logtest -->
        <test-method signature="logtest2()[pri:0, instance:Regression.TC002@4816c290]" started-at="2023-04-12T12:52:06 IST" name="logtest2" finished-at="2023-04-12T12:52:06 IST" duration-ms="15" status="PASS">
          <reporter-output>
          </reporter-output>
        </test-method> <!-- logtest2 -->
        <test-method signature="logtest3()[pri:0, instance:Regression.TC002@4816c290]" started-at="2023-04-12T12:52:06 IST" name="logtest3" finished-at="2023-04-12T12:52:06 IST" duration-ms="15" status="PASS">
          <reporter-output>
          </reporter-output>
        </test-method> <!-- logtest3 -->
        <test-method signature="logtest4()[pri:0, instance:Regression.TC002@4816c290]" started-at="2023-04-12T12:52:06 IST" name="logtest4" finished-at="2023-04-12T12:52:06 IST" duration-ms="16" status="PASS">
          <reporter-output>
          </reporter-output>
        </test-method> <!-- logtest4 -->
      </class> <!-- Regression.TC002 -->
      <class name="Regression.TC003">
        <test-method signature="main2()[pri:0, instance:Regression.TC003@4e4efc1b]" started-at="2023-04-12T12:52:06 IST" name="main2" finished-at="2023-04-12T12:52:07 IST" duration-ms="757" status="PASS">
          <reporter-output>
          </reporter-output>
        </test-method> <!-- main2 -->
      </class> <!-- Regression.TC003 -->
    </test> <!-- Regression -->
    <test started-at="2023-04-12T12:52:42 IST" name="Smoke" finished-at="2023-04-12T12:52:44 IST" duration-ms="1880">
      <class name="Smoke.TestXpath">
        <test-method signature="main1()[pri:0, instance:Smoke.TestXpath@6db66836]" started-at="2023-04-12T12:52:42 IST" name="main1" finished-at="2023-04-12T12:52:44 IST" duration-ms="1735" status="FAIL">
          <exception class="org.openqa.selenium.remote.http.ConnectionFailedException">
            <message>
              <![CDATA[Unable to establish websocket connection to http://localhost:57874/devtools/browser/4785de06-ed04-45f0-9235-f742cf77764f
Build info: version: '4.8.0', revision: '267030adea'
System info: os.name: 'Windows 10', os.arch: 'amd64', os.version: '10.0', java.version: '17.0.2'
Driver info: driver.version: ChromeDriver]]>
            </message>
            <full-stacktrace>
              <![CDATA[org.openqa.selenium.remote.http.ConnectionFailedException: Unable to establish websocket connection to http://localhost:57874/devtools/browser/4785de06-ed04-45f0-9235-f742cf77764f
Build info: version: '4.8.0', revision: '267030adea'
System info: os.name: 'Windows 10', os.arch: 'amd64', os.version: '10.0', java.version: '17.0.2'
Driver info: driver.version: ChromeDriver
at org.openqa.selenium.remote.http.netty.NettyWebSocket.<init>(NettyWebSocket.java:102)
at org.openqa.selenium.remote.http.netty.NettyWebSocket.lambda$create$3(NettyWebSocket.java:128)
at org.openqa.selenium.remote.http.netty.NettyClient.openSocket(NettyClient.java:107)
at org.openqa.selenium.devtools.Connection.<init>(Connection.java:78)
at org.openqa.selenium.chromium.ChromiumDriver.lambda$new$2(ChromiumDriver.java:116)
at java.base/java.util.Optional.map(Optional.java:260)
at org.openqa.selenium.chromium.ChromiumDriver.<init>(ChromiumDriver.java:114)
at org.openqa.selenium.chrome.ChromeDriver.<init>(ChromeDriver.java:82)
at org.openqa.selenium.chrome.ChromeDriver.<init>(ChromeDriver.java:71)
at Smoke.TC001.set(TC001.java:49)
at Smoke.TestXpath.main1(TestXpath.java:89)
at java.base/jdk.internal.reflect.NativeMethodAccessorImpl.invoke0(Native Method)
at java.base/jdk.internal.reflect.NativeMethodAccessorImpl.invoke(NativeMethodAccessorImpl.java:77)
at java.base/jdk.internal.reflect.DelegatingMethodAccessorImpl.invoke(DelegatingMethodAccessorImpl.java:43)
at java.base/java.lang.reflect.Method.invoke(Method.java:568)
at org.testng.internal.invokers.MethodInvocationHelper.invokeMethod(MethodInvocationHelper.java:139)
at org.testng.internal.invokers.TestInvoker.invokeMethod(TestInvoker.java:677)
at org.testng.internal.invokers.TestInvoker.invokeTestMethod(TestInvoker.java:221)
at org.testng.internal.invokers.MethodRunner.runInSequence(MethodRunner.java:50)
at org.testng.internal.invokers.TestInvoker$MethodInvocationAgent.invoke(TestInvoker.java:962)
at org.testng.internal.invokers.TestInvoker.invokeTestMethods(TestInvoker.java:194)
at org.testng.internal.invokers.TestMethodWorker.invokeTestMethods(TestMethodWorker.java:148)
at org.testng.internal.invokers.TestMethodWorker.run(TestMethodWorker.java:128)
at java.base/java.util.ArrayList.forEach(ArrayList.java:1511)
at org.testng.TestRunner.privateRun(TestRunner.java:806)
at org.testng.TestRunner.run(TestRunner.java:601)
at org.testng.SuiteRunner.runTest(SuiteRunner.java:433)
at org.testng.SuiteRunner.runSequentially(SuiteRunner.java:427)
at org.testng.SuiteRunner.privateRun(SuiteRunner.java:387)
at org.testng.SuiteRunner.run(SuiteRunner.java:330)
at org.testng.SuiteRunnerWorker.runSuite(SuiteRunnerWorker.java:52)
at org.testng.SuiteRunnerWorker.run(SuiteRunnerWorker.java:95)
at org.testng.TestNG.runSuitesSequentially(TestNG.java:1256)
at org.testng.TestNG.runSuitesLocally(TestNG.java:1176)
at org.testng.TestNG.runSuites(TestNG.java:1099)
at org.testng.TestNG.run(TestNG.java:1067)
at org.apache.maven.surefire.testng.TestNGExecutor.run(TestNGExecutor.java:324)
at org.apache.maven.surefire.testng.TestNGXmlTestSuite.execute(TestNGXmlTestSuite.java:74)
at org.apache.maven.surefire.testng.TestNGProvider.invoke(TestNGProvider.java:123)
at org.apache.maven.surefire.booter.ForkedBooter.runSuitesInProcess(ForkedBooter.java:456)
at org.apache.maven.surefire.booter.ForkedBooter.execute(ForkedBooter.java:169)
at org.apache.maven.surefire.booter.ForkedBooter.run(ForkedBooter.java:595)
at org.apache.maven.surefire.booter.ForkedBooter.main(ForkedBooter.java:581)
]]>
            </full-stacktrace>
          </exception> <!-- org.openqa.selenium.remote.http.ConnectionFailedException -->
          <reporter-output>
          </reporter-output>
        </test-method> <!-- main1 -->
      </class> <!-- Smoke.TestXpath -->
      <class name="Smoke.TC002">
        <test-method is-config="true" signature="reportname()[pri:0, instance:Smoke.TC002@3574e198]" started-at="2023-04-12T12:52:42 IST" name="reportname" finished-at="2023-04-12T12:52:42 IST" duration-ms="1" status="PASS">
          <reporter-output>
          </reporter-output>
        </test-method> <!-- reportname -->
        <test-method signature="logtest()[pri:0, instance:Smoke.TC002@3574e198]" started-at="2023-04-12T12:52:42 IST" name="logtest" finished-at="2023-04-12T12:52:42 IST" duration-ms="104" status="PASS">
          <reporter-output>
          </reporter-output>
        </test-method> <!-- logtest -->
        <test-method is-config="true" signature="setlog()[pri:0, instance:Smoke.TC002@3574e198]" started-at="2023-04-12T12:52:42 IST" name="setlog" finished-at="2023-04-12T12:52:42 IST" duration-ms="0" status="PASS">
          <reporter-output>
          </reporter-output>
        </test-method> <!-- setlog -->
        <test-method signature="logtest2()[pri:0, instance:Smoke.TC002@3574e198]" started-at="2023-04-12T12:52:42 IST" name="logtest2" finished-at="2023-04-12T12:52:42 IST" duration-ms="16" status="PASS">
          <reporter-output>
          </reporter-output>
        </test-method> <!-- logtest2 -->
        <test-method signature="logtest3()[pri:0, instance:Smoke.TC002@3574e198]" started-at="2023-04-12T12:52:42 IST" name="logtest3" finished-at="2023-04-12T12:52:42 IST" duration-ms="7" status="PASS">
          <reporter-output>
          </reporter-output>
        </test-method> <!-- logtest3 -->
        <test-method signature="logtest4()[pri:0, instance:Smoke.TC002@3574e198]" started-at="2023-04-12T12:52:42 IST" name="logtest4" finished-at="2023-04-12T12:52:42 IST" duration-ms="9" status="PASS">
          <reporter-output>
          </reporter-output>
        </test-method> <!-- logtest4 -->
      </class> <!-- Smoke.TC002 -->
    </test> <!-- Smoke -->
  </suite> <!-- Suite -->
</testng-results>
